Using pre-set license
Built from '2021.1/release' branch; Version is '2021.1.1f1 (6fdc41dfa55a) revision 7330881'; Using compiler version '192528614'; Build Type 'Release'
OS: 'Windows 10 Pro; OS build 18363.1441; Version 1909; 64bit' Language: 'ru' Physical Memory: 16304 MB
BatchMode: 1, IsHumanControllingUs: 0, StartBugReporterOnCrash: 0, Is64bit: 1, IsPro: 0

 COMMAND LINE ARGUMENTS:
D:\prog\unity\2021.1.1f1\Editor\Unity.exe
-adb2
-batchMode
-noUpm
-name
AssetImportWorker0
-projectPath
C:/Users/worka/Desktop/Новая папка/SW_Project
-logFile
Logs/AssetImportWorker0.log
-srvPort
62753
Successfully changed project path to: C:/Users/worka/Desktop/Новая папка/SW_Project
C:/Users/worka/Desktop/Новая папка/SW_Project
Using Asset Import Pipeline V2.
Unable to join player connection multicast group.

Unable to join player connection alternative multicast group.

Refreshing native plugins compatible for Editor in 21.86 ms, found 0 plugins.
Preloading 0 native plugins for Editor in 0.00 ms.
Initialize engine version: 2021.1.1f1 (6fdc41dfa55a)
[Subsystems] Discovering subsystems at path D:/prog/unity/2021.1.1f1/Editor/Data/Resources/UnitySubsystems
[Subsystems] Discovering subsystems at path C:/Users/worka/Desktop/Новая папка/SW_Project/Assets
GfxDevice: creating device client; threaded=0; jobified=0
Direct3D:
    Version:  Direct3D 11.0 [level 11.1]
    Renderer: NVIDIA GeForce GTX 1660 Ti (ID=0x2191)
    Vendor:   NVIDIA
    VRAM:     5991 MB
    Driver:   27.21.14.6192
Initialize mono
Mono path[0] = 'D:/prog/unity/2021.1.1f1/Editor/Data/Managed'
Mono path[1] = 'D:/prog/unity/2021.1.1f1/Editor/Data/MonoBleedingEdge/lib/mono/unityjit'
Mono config path = 'D:/prog/unity/2021.1.1f1/Editor/Data/MonoBleedingEdge/etc'
Using monoOptions --debugger-agent=transport=dt_socket,embedding=1,server=y,suspend=n,address=127.0.0.1:56844
Begin MonoManager ReloadAssembly
Registering precompiled unity dll's ...
Register platform support module: D:/prog/unity/2021.1.1f1/Editor/Data/PlaybackEngines/WindowsStandaloneSupport/UnityEditor.WindowsStandalone.Extensions.dll
Registered in 0.000929 seconds.
Native extension for WindowsStandalone target not found
Refreshing native plugins compatible for Editor in 20.61 ms, found 0 plugins.
Preloading 0 native plugins for Editor in 0.00 ms.
Mono: successfully reloaded assembly
- Completed reload, in  1.007 seconds
Platform modules already initialized, skipping
Registering precompiled user dll's ...
Registered in 0.000753 seconds.
Begin MonoManager ReloadAssembly
Native extension for WindowsStandalone target not found
Refreshing native plugins compatible for Editor in 0.20 ms, found 0 plugins.
Preloading 0 native plugins for Editor in 0.00 ms.
Mono: successfully reloaded assembly
- Completed reload, in  0.815 seconds
Platform modules already initialized, skipping
========================================================================
Worker process is ready to serve import requests
Launched and connected shader compiler UnityShaderCompiler.exe after 0.06 seconds
Refreshing native plugins compatible for Editor in 0.29 ms, found 0 plugins.
Preloading 0 native plugins for Editor in 0.00 ms.
Unloading 1127 Unused Serialized files (Serialized files now loaded: 0)
System memory in use before: 58.6 MB.
System memory in use after: 58.7 MB.

Unloading 9 unused Assets to reduce memory usage. Loaded Objects now: 1587.
Total: 2.837400 ms (FindLiveObjects: 0.202600 ms CreateObjectMapping: 0.064700 ms MarkObjects: 2.495500 ms  DeleteObjects: 0.072900 ms)

========================================================================
Received Import Request.
  path: Assets/Shapes/Sprites
  artifactKey: Guid(340f7fdb890849347a71d33e1bd31b89) Importer(815301076,1909f56bfc062723c751e8b465ee728b)
Start importing Assets/Shapes/Sprites using Guid(340f7fdb890849347a71d33e1bd31b89) Importer(815301076,1909f56bfc062723c751e8b465ee728b)  -> (artifact id: '7568aa7fd49a0abd86a1a3c8140015e6') in 0.010974 seconds 
========================================================================
Received Import Request.
  Time since last request: 27.001764 seconds.
  path: Assets/Shapes/Sprites/New Physics Material 2D.physicsMaterial2D
  artifactKey: Guid(a9b5d7f3efdffa14f881c3b18da407bb) Importer(815301076,1909f56bfc062723c751e8b465ee728b)
Start importing Assets/Shapes/Sprites/New Physics Material 2D.physicsMaterial2D using Guid(a9b5d7f3efdffa14f881c3b18da407bb) Importer(815301076,1909f56bfc062723c751e8b465ee728b)  -> (artifact id: 'a3ec9d483306fe7af688b5e1f4c06100') in 0.048680 seconds 
========================================================================
Received Import Request.
  Time since last request: 18.953595 seconds.
  path: Assets/Shapes/Prefab
  artifactKey: Guid(5425e9fe1a1d9f146a5d461b969fb2f4) Importer(815301076,1909f56bfc062723c751e8b465ee728b)
Start importing Assets/Shapes/Prefab using Guid(5425e9fe1a1d9f146a5d461b969fb2f4) Importer(815301076,1909f56bfc062723c751e8b465ee728b)  -> (artifact id: '1b521f5aeb66025386b1f63b70c85b18') in 0.014166 seconds 
========================================================================
Received Import Request.
  Time since last request: 14.035107 seconds.
  path: Assets/Shapes/Prefab/Cube.prefab
  artifactKey: Guid(d0573ed1f519c904487d4b32b0371e83) Importer(815301076,1909f56bfc062723c751e8b465ee728b)
Start importing Assets/Shapes/Prefab/Cube.prefab using Guid(d0573ed1f519c904487d4b32b0371e83) Importer(815301076,1909f56bfc062723c751e8b465ee728b)  -> (artifact id: '668f4fdab0f708e7d5cdfa1850ee10a2') in 0.106994 seconds 
========================================================================
Received Prepare
Registering precompiled user dll's ...
Registered in 0.000754 seconds.
Begin MonoManager ReloadAssembly
Native extension for WindowsStandalone target not found
Refreshing native plugins compatible for Editor in 0.19 ms, found 0 plugins.
Preloading 0 native plugins for Editor in 0.00 ms.
Mono: successfully reloaded assembly
- Completed reload, in  0.803 seconds
Platform modules already initialized, skipping
Refreshing native plugins compatible for Editor in 0.20 ms, found 0 plugins.
Preloading 0 native plugins for Editor in 0.00 ms.
Unloading 1122 Unused Serialized files (Serialized files now loaded: 0)
System memory in use before: 62.4 MB.
System memory in use after: 62.5 MB.

Unloading 5 unused Assets to reduce memory usage. Loaded Objects now: 1598.
Total: 1.569500 ms (FindLiveObjects: 0.113100 ms CreateObjectMapping: 0.035300 ms MarkObjects: 1.404900 ms  DeleteObjects: 0.015200 ms)

========================================================================
Received Prepare
Registering precompiled user dll's ...
Registered in 0.001289 seconds.
Begin MonoManager ReloadAssembly
Native extension for WindowsStandalone target not found
Refreshing native plugins compatible for Editor in 0.21 ms, found 0 plugins.
Preloading 0 native plugins for Editor in 0.00 ms.
Mono: successfully reloaded assembly
- Completed reload, in  0.932 seconds
Platform modules already initialized, skipping
Refreshing native plugins compatible for Editor in 0.30 ms, found 0 plugins.
Preloading 0 native plugins for Editor in 0.00 ms.
Unloading 1122 Unused Serialized files (Serialized files now loaded: 0)
System memory in use before: 62.4 MB.
System memory in use after: 62.5 MB.

Unloading 4 unused Assets to reduce memory usage. Loaded Objects now: 1601.
Total: 1.805300 ms (FindLiveObjects: 0.158000 ms CreateObjectMapping: 0.055000 ms MarkObjects: 1.577100 ms  DeleteObjects: 0.014200 ms)

========================================================================
Received Import Request.
  Time since last request: 115.030066 seconds.
  path: Assets/Shapes/Prefab/Cube.prefab
  artifactKey: Guid(d0573ed1f519c904487d4b32b0371e83) Importer(815301076,1909f56bfc062723c751e8b465ee728b)
Start importing Assets/Shapes/Prefab/Cube.prefab using Guid(d0573ed1f519c904487d4b32b0371e83) Importer(815301076,1909f56bfc062723c751e8b465ee728b)  -> (artifact id: '2f457028d5dba5eeb1c28e2f9baa3be2') in 0.067814 seconds 
========================================================================
Received Prepare
Registering precompiled user dll's ...
Registered in 0.000819 seconds.
Begin MonoManager ReloadAssembly
Native extension for WindowsStandalone target not found
Refreshing native plugins compatible for Editor in 0.31 ms, found 0 plugins.
Preloading 0 native plugins for Editor in 0.00 ms.
Mono: successfully reloaded assembly
- Completed reload, in  1.045 seconds
Platform modules already initialized, skipping
Refreshing native plugins compatible for Editor in 0.19 ms, found 0 plugins.
Preloading 0 native plugins for Editor in 0.00 ms.
Unloading 1122 Unused Serialized files (Serialized files now loaded: 0)
System memory in use before: 62.4 MB.
System memory in use after: 62.5 MB.

Unloading 5 unused Assets to reduce memory usage. Loaded Objects now: 1605.
Total: 1.777500 ms (FindLiveObjects: 0.137800 ms CreateObjectMapping: 0.060400 ms MarkObjects: 1.560700 ms  DeleteObjects: 0.017400 ms)

========================================================================
Received Import Request.
  Time since last request: 178.591637 seconds.
  path: Assets/Shapes/Prefab/Plane.prefab
  artifactKey: Guid(8c6dbd2f5f852194fba0defe6d8c7bdc) Importer(815301076,1909f56bfc062723c751e8b465ee728b)
Start importing Assets/Shapes/Prefab/Plane.prefab using Guid(8c6dbd2f5f852194fba0defe6d8c7bdc) Importer(815301076,1909f56bfc062723c751e8b465ee728b)  -> (artifact id: '4377aa0b5158cd6e04d8ca4b2d830a98') in 0.070833 seconds 
========================================================================
Received Prepare
Registering precompiled user dll's ...
Registered in 0.001008 seconds.
Begin MonoManager ReloadAssembly
Native extension for WindowsStandalone target not found
Refreshing native plugins compatible for Editor in 0.25 ms, found 0 plugins.
Preloading 0 native plugins for Editor in 0.00 ms.
Mono: successfully reloaded assembly
- Completed reload, in  1.049 seconds
Platform modules already initialized, skipping
Refreshing native plugins compatible for Editor in 0.19 ms, found 0 plugins.
Preloading 0 native plugins for Editor in 0.00 ms.
Unloading 1122 Unused Serialized files (Serialized files now loaded: 0)
System memory in use before: 62.5 MB.
System memory in use after: 62.5 MB.

Unloading 5 unused Assets to reduce memory usage. Loaded Objects now: 1609.
Total: 4.169900 ms (FindLiveObjects: 0.260600 ms CreateObjectMapping: 0.107600 ms MarkObjects: 3.759700 ms  DeleteObjects: 0.039600 ms)

========================================================================
Received Prepare
Registering precompiled user dll's ...
Registered in 0.000758 seconds.
Begin MonoManager ReloadAssembly
Native extension for WindowsStandalone target not found
Refreshing native plugins compatible for Editor in 0.32 ms, found 0 plugins.
Preloading 0 native plugins for Editor in 0.00 ms.
Mono: successfully reloaded assembly
- Completed reload, in  1.057 seconds
Platform modules already initialized, skipping
Refreshing native plugins compatible for Editor in 0.19 ms, found 0 plugins.
Preloading 0 native plugins for Editor in 0.00 ms.
Unloading 1122 Unused Serialized files (Serialized files now loaded: 0)
System memory in use before: 62.5 MB.
System memory in use after: 62.5 MB.

Unloading 4 unused Assets to reduce memory usage. Loaded Objects now: 1612.
Total: 3.833000 ms (FindLiveObjects: 0.196600 ms CreateObjectMapping: 0.087000 ms MarkObjects: 3.522100 ms  DeleteObjects: 0.025300 ms)

========================================================================
Received Prepare
Registering precompiled user dll's ...
Registered in 0.000722 seconds.
Begin MonoManager ReloadAssembly
Native extension for WindowsStandalone target not found
Refreshing native plugins compatible for Editor in 0.21 ms, found 0 plugins.
Preloading 0 native plugins for Editor in 0.00 ms.
Mono: successfully reloaded assembly
- Completed reload, in  0.922 seconds
Platform modules already initialized, skipping
Refreshing native plugins compatible for Editor in 0.19 ms, found 0 plugins.
Preloading 0 native plugins for Editor in 0.00 ms.
Unloading 1122 Unused Serialized files (Serialized files now loaded: 0)
System memory in use before: 62.5 MB.
System memory in use after: 62.5 MB.

Unloading 4 unused Assets to reduce memory usage. Loaded Objects now: 1615.
Total: 1.822700 ms (FindLiveObjects: 0.109700 ms CreateObjectMapping: 0.029100 ms MarkObjects: 1.670400 ms  DeleteObjects: 0.012700 ms)

AssetImportWorkerClient::OnTransportError - code=2 error=End of file
